<?xml version="1.0" encoding="UTF-8"?>
<testng-results ignored="0" total="5" passed="5" failed="0" skipped="0">
  <reporter-output>
  </reporter-output>
  <suite started-at="2022-03-29T08:47:27 IST" name="Default suite" finished-at="2022-03-29T08:47:27 IST" duration-ms="40">
    <groups>
    </groups>
    <test started-at="2022-03-29T08:47:27 IST" name="Default test" finished-at="2022-03-29T08:47:27 IST" duration-ms="40">
      <class name="Anotations.Dataprovids">
        <test-method signature="test(int,int,int)[pri:0, instance:Anotations.Dataprovids@3972a855]" started-at="2022-03-29T08:47:27 IST" name="test" data-provider="testdata2" finished-at="2022-03-29T08:47:27 IST" duration-ms="5" status="PASS">
          <params>
            <param index="0">
              <value>
                <![CDATA[1]]>
              </value>
            </param>
            <param index="1">
              <value>
                <![CDATA[2]]>
              </value>
            </param>
            <param index="2">
              <value>
                <![CDATA[3]]>
              </value>
            </param>
          </params>
          <reporter-output>
          </reporter-output>
        </test-method> <!-- test -->
        <test-method signature="test(int,int,int)[pri:0, instance:Anotations.Dataprovids@3972a855]" started-at="2022-03-29T08:47:27 IST" name="test" data-provider="testdata2" finished-at="2022-03-29T08:47:27 IST" duration-ms="0" status="PASS">
          <params>
            <param index="0">
              <value>
                <![CDATA[1]]>
              </value>
            </param>
            <param index="1">
              <value>
                <![CDATA[2]]>
              </value>
            </param>
            <param index="2">
              <value>
                <![CDATA[3]]>
              </value>
            </param>
          </params>
          <reporter-output>
          </reporter-output>
        </test-method> <!-- test -->
        <test-method signature="test(int,int,int)[pri:0, instance:Anotations.Dataprovids@3972a855]" started-at="2022-03-29T08:47:27 IST" name="test" data-provider="testdata2" finished-at="2022-03-29T08:47:27 IST" duration-ms="1" status="PASS">
          <params>
            <param index="0">
              <value>
                <![CDATA[1]]>
              </value>
            </param>
            <param index="1">
              <value>
                <![CDATA[2]]>
              </value>
            </param>
            <param index="2">
              <value>
                <![CDATA[3]]>
              </value>
            </param>
          </params>
          <reporter-output>
          </reporter-output>
        </test-method> <!-- test -->
        <test-method signature="test(java.lang.String,java.lang.String)[pri:0, instance:Anotations.Dataprovids@3972a855]" started-at="2022-03-29T08:47:27 IST" name="test" data-provider="testdata" finished-at="2022-03-29T08:47:27 IST" duration-ms="0" status="PASS">
          <params>
            <param index="0">
              <value>
                <![CDATA[hi]]>
              </value>
            </param>
            <param index="1">
              <value>
                <![CDATA[pushpa]]>
              </value>
            </param>
          </params>
          <reporter-output>
          </reporter-output>
        </test-method> <!-- test -->
        <test-method signature="test(java.lang.String,java.lang.String)[pri:0, instance:Anotations.Dataprovids@3972a855]" started-at="2022-03-29T08:47:27 IST" name="test" data-provider="testdata" finished-at="2022-03-29T08:47:27 IST" duration-ms="1" status="PASS">
          <params>
            <param index="0">
              <value>
                <![CDATA[helo]]>
              </value>
            </param>
            <param index="1">
              <value>
                <![CDATA[whatsup]]>
              </value>
            </param>
          </params>
          <reporter-output>
          </reporter-output>
        </test-method> <!-- test -->
      </class> <!-- Anotations.Dataprovids -->
    </test> <!-- Default test -->
  </suite> <!-- Default suite -->
</testng-results>
