<?xml version="1.0" encoding="UTF-8"?>
<!-- Generated by org.testng.reporters.JUnitXMLReporter -->
<testsuite ignored="2" hostname="TYSS-Pushpa" failures="0" tests="4" name="Test" time="34.473" errors="0" timestamp="2022-03-28T22:17:23 IST">
  <testcase classname="Anotations.Demoweb" name="logib" time="2.215"/>
  <testcase classname="Anotations.Demoweb" name="register" time="2.699"/>
  <testcase classname="Anotations.Demoweb2" name="aandz" time="1.927"/>
  <testcase classname="Anotations.Demoweb2" name="gettile" time="0.034"/>
  <testcase classname="Anotations.Demoweb" name="gettile" time="0.0">
    <ignored/>
  </testcase> <!-- gettile -->
  <testcase classname="Anotations.Demoweb2" name="appeal" time="0.0">
    <ignored/>
  </testcase> <!-- appeal -->
</testsuite> <!-- Test -->
