<?xml version="1.0" encoding="UTF-8"?>
<!-- Generated by org.testng.reporters.JUnitXMLReporter -->
<testsuite ignored="0" hostname="TYSS-Pushpa" failures="0" tests="5" name="Default test" time="0.04" errors="0" timestamp="2022-03-29T08:47:27 IST">
  <testcase classname="Anotations.Dataprovids" name="test" time="0.005"/>
  <testcase classname="Anotations.Dataprovids" name="test" time="0.0"/>
  <testcase classname="Anotations.Dataprovids" name="test" time="0.001"/>
  <testcase classname="Anotations.Dataprovids" name="test" time="0.0"/>
  <testcase classname="Anotations.Dataprovids" name="test" time="0.001"/>
</testsuite> <!-- Default test -->
